

Started GET "/" for 127.0.0.1 at 2015-04-07 16:09:51 -0500
  [1m[36mActiveRecord::SchemaMigration Load (1.7ms)[0m  [1mSELECT "schema_migrations".* FROM "schema_migrations"[0m
Processing by RegistrationHomeController#index as HTML
  Rendered registration_home/index.html.erb within layouts/application (123.4ms)
Completed 200 OK in 1542ms (Views: 1509.6ms | ActiveRecord: 0.0ms)


Started GET "/assets/scaffolds-d9e0126d32be9a1ed41edaf88c7dd16b.css?body=1" for 127.0.0.1 at 2015-04-07 16:09:53 -0500


Started GET "/assets/application-8968c10be42c6876e4257f6c24b077d1.css?body=1" for 127.0.0.1 at 2015-04-07 16:09:53 -0500
  [1m[36mActiveRecord::SchemaMigration Load (2.1ms)[0m  [1mSELECT "schema_migrations".* FROM "schema_migrations"[0m
Migrating to CreateAdvisorUsers (20150407211106)
  [1m[35m (1.1ms)[0m  BEGIN
  [1m[36m (44.0ms)[0m  [1mCREATE TABLE "advisor_users" ("id" serial primary key, "username" character varying, "password" character varying, "created_at" timestamp NOT NULL, "updated_at" timestamp NOT NULL) [0m
  [1m[35mSQL (1.3ms)[0m  INSERT INTO "schema_migrations" ("version") VALUES ($1)  [["version", "20150407211106"]]
  [1m[36m (8.5ms)[0m  [1mCOMMIT[0m
  [1m[35mActiveRecord::SchemaMigration Load (0.8ms)[0m  SELECT "schema_migrations".* FROM "schema_migrations"
  [1m[36m (12.1ms)[0m  [1mSELECT t2.oid::regclass::text AS to_table, a1.attname AS column, a2.attname AS primary_key, c.conname AS name, c.confupdtype AS on_update, c.confdeltype AS on_delete
FROM pg_constraint c
JOIN pg_class t1 ON c.conrelid = t1.oid
JOIN pg_class t2 ON c.confrelid = t2.oid
JOIN pg_attribute a1 ON a1.attnum = c.conkey[1] AND a1.attrelid = t1.oid
JOIN pg_attribute a2 ON a2.attnum = c.confkey[1] AND a2.attrelid = t2.oid
JOIN pg_namespace t3 ON c.connamespace = t3.oid
WHERE c.contype = 'f'
  AND t1.relname = 'advisor_users'
  AND t3.nspname = ANY (current_schemas(false))
ORDER BY c.conname
[0m
  [1m[35m (8.7ms)[0m  SELECT t2.oid::regclass::text AS to_table, a1.attname AS column, a2.attname AS primary_key, c.conname AS name, c.confupdtype AS on_update, c.confdeltype AS on_delete
FROM pg_constraint c
JOIN pg_class t1 ON c.conrelid = t1.oid
JOIN pg_class t2 ON c.confrelid = t2.oid
JOIN pg_attribute a1 ON a1.attnum = c.conkey[1] AND a1.attrelid = t1.oid
JOIN pg_attribute a2 ON a2.attnum = c.confkey[1] AND a2.attrelid = t2.oid
JOIN pg_namespace t3 ON c.connamespace = t3.oid
WHERE c.contype = 'f'
  AND t1.relname = 'posts'
  AND t3.nspname = ANY (current_schemas(false))
ORDER BY c.conname



Started GET "/advisor_users" for 127.0.0.1 at 2015-04-07 16:21:31 -0500
  [1m[36mActiveRecord::SchemaMigration Load (1.7ms)[0m  [1mSELECT "schema_migrations".* FROM "schema_migrations"[0m
Processing by AdvisorUsersController#index as HTML
  [1m[35mAdvisorUser Load (1.5ms)[0m  SELECT "advisor_users".* FROM "advisor_users"
  Rendered advisor_users/index.html.erb within layouts/application (12.8ms)
Completed 200 OK in 763ms (Views: 721.3ms | ActiveRecord: 3.7ms)


Started GET "/assets/advisor_users-64e62ddc273c2f5847f30d698ca14b67.css?body=1" for 127.0.0.1 at 2015-04-07 16:21:33 -0500


Started GET "/assets/advisor_users-fcec5b5a277ac7c20cc9f45a209a3bcd.js?body=1" for 127.0.0.1 at 2015-04-07 16:21:33 -0500


Started GET "/assets/application-8f34646099c05e616d7129dde129b08a.js?body=1" for 127.0.0.1 at 2015-04-07 16:21:33 -0500


Started GET "/advisor_users/new" for 127.0.0.1 at 2015-04-07 16:21:43 -0500
Processing by AdvisorUsersController#new as HTML
  Rendered advisor_users/_form.html.erb (117.9ms)
  Rendered advisor_users/new.html.erb within layouts/application (145.9ms)
Completed 200 OK in 539ms (Views: 506.0ms | ActiveRecord: 9.0ms)


Started POST "/advisor_users" for 127.0.0.1 at 2015-04-07 16:22:02 -0500
Processing by AdvisorUsersController#create as HTML
  Parameters: {"utf8"=>"✓", "authenticity_token"=>"2qAgPHjo0JD5R5nNFRNwNILAvIMco9yn6RccfaYvlsfDkRXqtJ+mz7dEcc20bTsmbLWMIREi7QVGZN/BZiSNRA==", "advisor_user"=>{"username"=>"jakewier", "password"=>"[FILTERED]"}, "commit"=>"Create Advisor user"}
  [1m[36m (0.5ms)[0m  [1mBEGIN[0m
  [1m[35mSQL (2.7ms)[0m  INSERT INTO "advisor_users" ("username", "password", "created_at", "updated_at") VALUES ($1, $2, $3, $4) RETURNING "id"  [["username", "jakewier"], ["password", "hellohello"], ["created_at", "2015-04-07 21:22:02.722042"], ["updated_at", "2015-04-07 21:22:02.722042"]]
  [1m[36m (16.5ms)[0m  [1mCOMMIT[0m
Redirected to http://localhost:3000/advisor_users/1
Completed 302 Found in 54ms (ActiveRecord: 20.4ms)


Started GET "/advisor_users/1" for 127.0.0.1 at 2015-04-07 16:22:02 -0500
Processing by AdvisorUsersController#show as HTML
  Parameters: {"id"=>"1"}
  [1m[35mAdvisorUser Load (2.0ms)[0m  SELECT  "advisor_users".* FROM "advisor_users" WHERE "advisor_users"."id" = $1 LIMIT 1  [["id", 1]]
  Rendered advisor_users/show.html.erb within layouts/application (2.9ms)
Completed 200 OK in 358ms (Views: 323.0ms | ActiveRecord: 2.0ms)


Started GET "/advisor_users" for 127.0.0.1 at 2015-04-07 16:22:13 -0500
Processing by AdvisorUsersController#index as HTML
  [1m[36mAdvisorUser Load (1.9ms)[0m  [1mSELECT "advisor_users".* FROM "advisor_users"[0m
  Rendered advisor_users/index.html.erb within layouts/application (7.7ms)
Completed 200 OK in 406ms (Views: 398.9ms | ActiveRecord: 1.9ms)


Started GET "/advisor_users/1" for 127.0.0.1 at 2015-04-07 16:22:19 -0500
Processing by AdvisorUsersController#show as HTML
  Parameters: {"id"=>"1"}
  [1m[35mAdvisorUser Load (1.5ms)[0m  SELECT  "advisor_users".* FROM "advisor_users" WHERE "advisor_users"."id" = $1 LIMIT 1  [["id", 1]]
  Rendered advisor_users/show.html.erb within layouts/application (2.7ms)
Completed 200 OK in 320ms (Views: 315.4ms | ActiveRecord: 1.5ms)


Started GET "/advisor_users" for 127.0.0.1 at 2015-04-07 16:22:21 -0500
Processing by AdvisorUsersController#index as HTML
  [1m[36mAdvisorUser Load (4.5ms)[0m  [1mSELECT "advisor_users".* FROM "advisor_users"[0m
  Rendered advisor_users/index.html.erb within layouts/application (7.9ms)
Completed 200 OK in 313ms (Views: 307.1ms | ActiveRecord: 4.5ms)


Started GET "/advisor_users" for 127.0.0.1 at 2015-04-07 16:22:59 -0500
  [1m[36mActiveRecord::SchemaMigration Load (1.7ms)[0m  [1mSELECT "schema_migrations".* FROM "schema_migrations"[0m
Processing by AdvisorUsersController#index as HTML
  [1m[35mAdvisorUser Load (1.4ms)[0m  SELECT "advisor_users".* FROM "advisor_users"
  Rendered advisor_users/index.html.erb within layouts/application (32.8ms)
Completed 200 OK in 507ms (Views: 467.6ms | ActiveRecord: 9.0ms)


Started GET "/advisor_users" for 127.0.0.1 at 2015-04-07 16:43:05 -0500
  [1m[36mActiveRecord::SchemaMigration Load (1.4ms)[0m  [1mSELECT "schema_migrations".* FROM "schema_migrations"[0m
Processing by AdvisorUsersController#index as HTML
  [1m[35mAdvisorUser Load (1.7ms)[0m  SELECT "advisor_users".* FROM "advisor_users"
  Rendered advisor_users/index.html.erb within layouts/application (31.5ms)
Completed 200 OK in 578ms (Views: 531.9ms | ActiveRecord: 9.4ms)


Started GET "/assets/advisor-64e62ddc273c2f5847f30d698ca14b67.css?body=1" for 127.0.0.1 at 2015-04-07 16:43:06 -0500


Started GET "/assets/advisor_users-64e62ddc273c2f5847f30d698ca14b67.css?body=1" for 127.0.0.1 at 2015-04-07 16:43:06 -0500


Started GET "/assets/middle-64e62ddc273c2f5847f30d698ca14b67.css?body=1" for 127.0.0.1 at 2015-04-07 16:43:06 -0500


Started GET "/assets/elementary-64e62ddc273c2f5847f30d698ca14b67.css?body=1" for 127.0.0.1 at 2015-04-07 16:43:06 -0500


Started GET "/assets/scaffolds-d9e0126d32be9a1ed41edaf88c7dd16b.css?body=1" for 127.0.0.1 at 2015-04-07 16:43:06 -0500


Started GET "/assets/high-64e62ddc273c2f5847f30d698ca14b67.css?body=1" for 127.0.0.1 at 2015-04-07 16:43:06 -0500


Started GET "/assets/registration_home-64e62ddc273c2f5847f30d698ca14b67.css?body=1" for 127.0.0.1 at 2015-04-07 16:43:06 -0500


Started GET "/assets/application-8968c10be42c6876e4257f6c24b077d1.css?body=1" for 127.0.0.1 at 2015-04-07 16:43:06 -0500


Started GET "/assets/jquery-87424c3c19e96d4fb033c10ebe21ec40.js?body=1" for 127.0.0.1 at 2015-04-07 16:43:06 -0500


Started GET "/assets/jquery_ujs-e27bd20a10d28155845a22d71ef94f2f.js?body=1" for 127.0.0.1 at 2015-04-07 16:43:06 -0500


Started GET "/assets/turbolinks-f87b3583ca50adb0488b031297f5580d.js?body=1" for 127.0.0.1 at 2015-04-07 16:43:06 -0500


Started GET "/assets/advisor-fcec5b5a277ac7c20cc9f45a209a3bcd.js?body=1" for 127.0.0.1 at 2015-04-07 16:43:06 -0500


Started GET "/assets/advisor_users-fcec5b5a277ac7c20cc9f45a209a3bcd.js?body=1" for 127.0.0.1 at 2015-04-07 16:43:06 -0500


Started GET "/assets/elementary-fcec5b5a277ac7c20cc9f45a209a3bcd.js?body=1" for 127.0.0.1 at 2015-04-07 16:43:06 -0500


Started GET "/assets/high-fcec5b5a277ac7c20cc9f45a209a3bcd.js?body=1" for 127.0.0.1 at 2015-04-07 16:43:06 -0500


Started GET "/assets/middle-fcec5b5a277ac7c20cc9f45a209a3bcd.js?body=1" for 127.0.0.1 at 2015-04-07 16:43:06 -0500


Started GET "/assets/posts-46c9a194bd0668e67d57241f94473dc8.js?body=1" for 127.0.0.1 at 2015-04-07 16:43:06 -0500


Started GET "/assets/registration_home-fcec5b5a277ac7c20cc9f45a209a3bcd.js?body=1" for 127.0.0.1 at 2015-04-07 16:43:06 -0500


Started GET "/assets/application-8f34646099c05e616d7129dde129b08a.js?body=1" for 127.0.0.1 at 2015-04-07 16:43:06 -0500
  [1m[36m (3.4ms)[0m  [1mCREATE DATABASE "testapp_development" ENCODING = 'unicode'[0m
PG::DuplicateDatabase: ERROR:  database "testapp_development" already exists
: CREATE DATABASE "testapp_development" ENCODING = 'unicode'
  [1m[36mActiveRecord::SchemaMigration Load (3.5ms)[0m  [1mSELECT "schema_migrations".* FROM "schema_migrations"[0m
  [1m[35mActiveRecord::SchemaMigration Load (1.5ms)[0m  SELECT "schema_migrations".* FROM "schema_migrations"
  [1m[36m (13.3ms)[0m  [1mSELECT t2.oid::regclass::text AS to_table, a1.attname AS column, a2.attname AS primary_key, c.conname AS name, c.confupdtype AS on_update, c.confdeltype AS on_delete
FROM pg_constraint c
JOIN pg_class t1 ON c.conrelid = t1.oid
JOIN pg_class t2 ON c.confrelid = t2.oid
JOIN pg_attribute a1 ON a1.attnum = c.conkey[1] AND a1.attrelid = t1.oid
JOIN pg_attribute a2 ON a2.attnum = c.confkey[1] AND a2.attrelid = t2.oid
JOIN pg_namespace t3 ON c.connamespace = t3.oid
WHERE c.contype = 'f'
  AND t1.relname = 'advisor_users'
  AND t3.nspname = ANY (current_schemas(false))
ORDER BY c.conname
[0m
  [1m[35m (10.0ms)[0m  SELECT t2.oid::regclass::text AS to_table, a1.attname AS column, a2.attname AS primary_key, c.conname AS name, c.confupdtype AS on_update, c.confdeltype AS on_delete
FROM pg_constraint c
JOIN pg_class t1 ON c.conrelid = t1.oid
JOIN pg_class t2 ON c.confrelid = t2.oid
JOIN pg_attribute a1 ON a1.attnum = c.conkey[1] AND a1.attrelid = t1.oid
JOIN pg_attribute a2 ON a2.attnum = c.confkey[1] AND a2.attrelid = t2.oid
JOIN pg_namespace t3 ON c.connamespace = t3.oid
WHERE c.contype = 'f'
  AND t1.relname = 'posts'
  AND t3.nspname = ANY (current_schemas(false))
ORDER BY c.conname



Started GET "/" for 127.0.0.1 at 2015-04-10 16:24:55 -0500
  [1m[36mActiveRecord::SchemaMigration Load (1.5ms)[0m  [1mSELECT "schema_migrations".* FROM "schema_migrations"[0m
Processing by RegistrationHomeController#index as HTML
  Rendered registration_home/index.html.erb within layouts/application (6.0ms)
Completed 200 OK in 496ms (Views: 461.0ms | ActiveRecord: 0.0ms)


Started GET "/advisor_users" for 127.0.0.1 at 2015-04-10 16:25:00 -0500
Processing by AdvisorUsersController#index as HTML
Completed 500 Internal Server Error in 9ms (ActiveRecord: 0.0ms)

ArgumentError (Unknown key: :presence. Valid keys are: :on, :if, :unless, :prepend. Perhaps you meant to call `validates` instead of `validate`?):
  app/models/advisor_user.rb:2:in `<class:AdvisorUser>'
  app/models/advisor_user.rb:1:in `<top (required)>'
  app/controllers/advisor_users_controller.rb:7:in `index'


  Rendered /home/jake/.rvm/gems/ruby-2.2.1/gems/actionpack-4.2.1/lib/action_dispatch/middleware/templates/rescues/_source.erb (26.6ms)
  Rendered /home/jake/.rvm/gems/ruby-2.2.1/gems/actionpack-4.2.1/lib/action_dispatch/middleware/templates/rescues/_trace.html.erb (9.5ms)
  Rendered /home/jake/.rvm/gems/ruby-2.2.1/gems/actionpack-4.2.1/lib/action_dispatch/middleware/templates/rescues/_request_and_response.html.erb (5.1ms)
  Rendered /home/jake/.rvm/gems/ruby-2.2.1/gems/actionpack-4.2.1/lib/action_dispatch/middleware/templates/rescues/diagnostics.html.erb within rescues/layout (120.2ms)
  Rendered /home/jake/.rvm/gems/ruby-2.2.1/gems/web-console-2.1.2/lib/web_console/templates/_markup.html.erb (1.2ms)
  Rendered /home/jake/.rvm/gems/ruby-2.2.1/gems/web-console-2.1.2/lib/web_console/templates/style.css.erb within layouts/inlined_string (1.0ms)
  Rendered /home/jake/.rvm/gems/ruby-2.2.1/gems/web-console-2.1.2/lib/web_console/templates/_inner_console_markup.html.erb within layouts/inlined_string (1.0ms)
  Rendered /home/jake/.rvm/gems/ruby-2.2.1/gems/web-console-2.1.2/lib/web_console/templates/_prompt_box_markup.html.erb within layouts/inlined_string (1.3ms)
  Rendered /home/jake/.rvm/gems/ruby-2.2.1/gems/web-console-2.1.2/lib/web_console/templates/console.js.erb within layouts/javascript (105.1ms)
  Rendered /home/jake/.rvm/gems/ruby-2.2.1/gems/web-console-2.1.2/lib/web_console/templates/main.js.erb within layouts/javascript (1.1ms)
  Rendered /home/jake/.rvm/gems/ruby-2.2.1/gems/web-console-2.1.2/lib/web_console/templates/error_page.js.erb within layouts/javascript (1.9ms)
  Rendered /home/jake/.rvm/gems/ruby-2.2.1/gems/web-console-2.1.2/lib/web_console/templates/index.html.erb (244.1ms)


Started GET "/advisor_users" for 127.0.0.1 at 2015-04-10 16:25:00 -0500
Processing by AdvisorUsersController#index as HTML
Completed 500 Internal Server Error in 8ms (ActiveRecord: 0.0ms)

ArgumentError (Unknown key: :presence. Valid keys are: :on, :if, :unless, :prepend. Perhaps you meant to call `validates` instead of `validate`?):
  app/models/advisor_user.rb:2:in `<class:AdvisorUser>'
  app/models/advisor_user.rb:1:in `<top (required)>'
  app/controllers/advisor_users_controller.rb:7:in `index'


  Rendered /home/jake/.rvm/gems/ruby-2.2.1/gems/actionpack-4.2.1/lib/action_dispatch/middleware/templates/rescues/_source.erb (27.6ms)
  Rendered /home/jake/.rvm/gems/ruby-2.2.1/gems/actionpack-4.2.1/lib/action_dispatch/middleware/templates/rescues/_trace.html.erb (8.2ms)
  Rendered /home/jake/.rvm/gems/ruby-2.2.1/gems/actionpack-4.2.1/lib/action_dispatch/middleware/templates/rescues/_request_and_response.html.erb (3.5ms)
  Rendered /home/jake/.rvm/gems/ruby-2.2.1/gems/actionpack-4.2.1/lib/action_dispatch/middleware/templates/rescues/diagnostics.html.erb within rescues/layout (105.2ms)
  Rendered /home/jake/.rvm/gems/ruby-2.2.1/gems/web-console-2.1.2/lib/web_console/templates/_markup.html.erb (1.3ms)
  Rendered /home/jake/.rvm/gems/ruby-2.2.1/gems/web-console-2.1.2/lib/web_console/templates/style.css.erb within layouts/inlined_string (2.2ms)
  Rendered /home/jake/.rvm/gems/ruby-2.2.1/gems/web-console-2.1.2/lib/web_console/templates/_inner_console_markup.html.erb within layouts/inlined_string (1.1ms)
  Rendered /home/jake/.rvm/gems/ruby-2.2.1/gems/web-console-2.1.2/lib/web_console/templates/_prompt_box_markup.html.erb within layouts/inlined_string (1.0ms)
  Rendered /home/jake/.rvm/gems/ruby-2.2.1/gems/web-console-2.1.2/lib/web_console/templates/console.js.erb within layouts/javascript (87.2ms)
  Rendered /home/jake/.rvm/gems/ruby-2.2.1/gems/web-console-2.1.2/lib/web_console/templates/main.js.erb within layouts/javascript (1.1ms)
  Rendered /home/jake/.rvm/gems/ruby-2.2.1/gems/web-console-2.1.2/lib/web_console/templates/error_page.js.erb within layouts/javascript (1.7ms)
  Rendered /home/jake/.rvm/gems/ruby-2.2.1/gems/web-console-2.1.2/lib/web_console/templates/index.html.erb (180.4ms)


Started GET "/advisor_users" for 127.0.0.1 at 2015-04-10 16:25:41 -0500
Processing by AdvisorUsersController#index as HTML
  [1m[35mAdvisorUser Load (2.2ms)[0m  SELECT "advisor_users".* FROM "advisor_users"
  Rendered advisor_users/index.html.erb within layouts/application (36.0ms)
Completed 200 OK in 394ms (Views: 371.0ms | ActiveRecord: 14.9ms)


Started GET "/" for 127.0.0.1 at 2015-04-14 15:58:12 -0500
  [1m[36mActiveRecord::SchemaMigration Load (2.0ms)[0m  [1mSELECT "schema_migrations".* FROM "schema_migrations"[0m
Processing by RegistrationHomeController#index as HTML
  Rendered registration_home/index.html.erb within layouts/application (10.0ms)
Completed 200 OK in 691ms (Views: 658.3ms | ActiveRecord: 0.0ms)


Started GET "/advisor_users" for 127.0.0.1 at 2015-04-14 15:58:18 -0500
Processing by AdvisorUsersController#index as HTML
  [1m[35mAdvisorUser Load (1.7ms)[0m  SELECT "advisor_users".* FROM "advisor_users"
  Rendered advisor_users/index.html.erb within layouts/application (45.8ms)
Completed 200 OK in 385ms (Views: 362.7ms | ActiveRecord: 13.8ms)


Started DELETE "/advisor_users/1" for 127.0.0.1 at 2015-04-14 15:58:30 -0500
Processing by AdvisorUsersController#destroy as HTML
  Parameters: {"authenticity_token"=>"RFIuUaR7TosIOVDYUDjnCrbhZKjRXQCDmGj+4QVoaOoEDGgIJHT3A5E2P4IYO2xk4pcVULoavbrf5S/zUDmahg==", "id"=>"1"}
  [1m[36mAdvisorUser Load (1.4ms)[0m  [1mSELECT  "advisor_users".* FROM "advisor_users" WHERE "advisor_users"."id" = $1 LIMIT 1[0m  [["id", 1]]
  [1m[35m (0.5ms)[0m  BEGIN
  [1m[36mSQL (1.0ms)[0m  [1mDELETE FROM "advisor_users" WHERE "advisor_users"."id" = $1[0m  [["id", 1]]
  [1m[35m (10.1ms)[0m  COMMIT
Redirected to http://localhost:3000/advisor_users
Completed 302 Found in 74ms (ActiveRecord: 13.6ms)


Started GET "/advisor_users" for 127.0.0.1 at 2015-04-14 15:58:30 -0500
Processing by AdvisorUsersController#index as HTML
  [1m[36mAdvisorUser Load (1.1ms)[0m  [1mSELECT "advisor_users".* FROM "advisor_users"[0m
  Rendered advisor_users/index.html.erb within layouts/application (9.8ms)
Completed 200 OK in 402ms (Views: 394.7ms | ActiveRecord: 1.1ms)
